[DroneControl] DroneControl created
[ChargeBase] ChargeBase created
[ScannerManager] ScannerManager created
[TestGenerator] TestGenerator created
[ChargeBase] Running
[ScannerManager] Running
[ScannerManager] Failed to get spawn_wave from Redis
[DroneControl] Running
[DroneControl] DB writer thread started
[DroneControl] Sending wave spawn command
[TestGenerator] TestGenerator started
[TestGenerator] Running
[TestGenerator] Drone 289 has high consumption factor of 1.516884
[DroneControl] DB count: 300 max tick: 0
[DroneControl] Wave spawned
------------------------------
[DroneControl]      TICK: 0
------------------------------
------------------------------
[Main]              TICK: 0
------------------------------
------------------------------
[ChargeBase]        TICK: 0
------------------------------
------------------------------
[ScannerManager]    TICK: 0
------------------------------
[DroneControl] Sending wave spawn command
[DroneControl] Wave spawned
[DroneControl] DB count: 0 max tick: 100
------------------------------
[DroneControl]      TICK: 100
------------------------------
------------------------------
[Main]              TICK: 100
------------------------------
------------------------------
[ChargeBase]        TICK: 100
------------------------------
------------------------------
[ScannerManager]    TICK: 100
------------------------------
[DroneControl] Sending wave spawn command
[DroneControl] DB count: 8700 max tick: 251
[TestGenerator] Drone 1106 disconnected and will NOT reconnect
[DroneControl] Wave spawned
[TestGenerator] TICK 252 Drone 1106 state set to DISCONNECTED
------------------------------
[DroneControl]      TICK: 200
------------------------------
------------------------------
[Main]              TICK: 200
------------------------------
------------------------------
[ChargeBase]        TICK: 200
------------------------------
------------------------------
[ScannerManager]    TICK: 200
------------------------------
[DroneControl] Sending wave spawn command
[DroneControl] DB count: 12363 max tick: 298
[DroneControl] DB count: 10633 max tick: 376
[TestGenerator] Drone 2219 exploded
[DroneControl] Wave spawned
[TestGenerator] TICK 377 Drone 2219 state set to DEAD
------------------------------
[DroneControl]      TICK: 300
------------------------------
------------------------------
[Main]              TICK: 300
------------------------------
------------------------------
[ChargeBase]        TICK: 300
------------------------------
------------------------------
[ScannerManager]    TICK: 300
------------------------------
------------------------------
[DroneControl]      TICK: 400
------------------------------
[DroneControl] Sending wave spawn command
------------------------------
[Main]              TICK: 400
------------------------------
------------------------------
[ChargeBase]        TICK: 400
------------------------------
------------------------------
[ScannerManager]    TICK: 400
------------------------------
[DroneControl] Wave spawned
------------------------------
[DroneControl]      TICK: 500
------------------------------
------------------------------
[Main]              TICK: 500
------------------------------
------------------------------
[ChargeBase]        TICK: 500
------------------------------
[DroneControl] DB count: 224 max tick: 452
[DroneControl] Sending wave spawn command
------------------------------
[ScannerManager]    TICK: 500
------------------------------
[DroneControl] Wave spawned
[TestGenerator] Drone 1227 has high consumption factor of 1.630383
------------------------------
[DroneControl]      TICK: 600
------------------------------
------------------------------
[Main]              TICK: 600
------------------------------
------------------------------
[ChargeBase]        TICK: 600
------------------------------
------------------------------
[ScannerManager]    TICK: 600
------------------------------
[DroneControl] Sending wave spawn command
[DroneControl] Wave spawned
------------------------------
[DroneControl]      TICK: 700
------------------------------
------------------------------
[Main]              TICK: 700
------------------------------
------------------------------
[ChargeBase]        TICK: 700
------------------------------
------------------------------
[ScannerManager]    TICK: 700
------------------------------
[DroneControl] Sending wave spawn command
[DroneControl] Wave spawned
------------------------------
[DroneControl]      TICK: 800
------------------------------
------------------------------
[Main]              TICK: 800
------------------------------
------------------------------
[ChargeBase]        TICK: 800
------------------------------
------------------------------
[ScannerManager]    TICK: 800
------------------------------
[TestGenerator] Drone 3122 has high consumption factor of 1.845391
------------------------------
[DroneControl]      TICK: 900
------------------------------
[DroneControl] Sending wave spawn command
------------------------------
[Main]              TICK: 900
------------------------------
------------------------------
[ChargeBase]        TICK: 900
------------------------------
------------------------------
[ScannerManager]    TICK: 900
------------------------------
[DroneControl] Wave spawned
[DroneControl] DB count: 9019 max tick: 653
------------------------------
[DroneControl]      TICK: 1000
------------------------------
------------------------------
[Main]              TICK: 1000
------------------------------
------------------------------
[ChargeBase]        TICK: 1000
------------------------------
[DroneControl] Sending wave spawn command
------------------------------
[ScannerManager]    TICK: 1000
------------------------------
[DroneControl] Wave spawned
------------------------------
[DroneControl]      TICK: 1100
------------------------------
------------------------------
[Main]              TICK: 1100
------------------------------
------------------------------
[ChargeBase]        TICK: 1100
------------------------------
------------------------------
[ScannerManager]    TICK: 1100
------------------------------
[DroneControl] Sending wave spawn command
[DroneControl] Wave spawned
------------------------------
[DroneControl]      TICK: 1200
------------------------------
------------------------------
[Main]              TICK: 1200
------------------------------
------------------------------
[ChargeBase]        TICK: 1200
------------------------------
------------------------------
[ScannerManager]    TICK: 1200
------------------------------
[DroneControl] Sending wave spawn command
[TestGenerator] Drone 7133 has high consumption factor of 1.854339
[DroneControl] Wave spawned
------------------------------
[DroneControl]      TICK: 1300
------------------------------
------------------------------
[Main]              TICK: 1300
------------------------------
------------------------------
[ChargeBase]        TICK: 1300
------------------------------
------------------------------
[ScannerManager]    TICK: 1300
------------------------------
------------------------------
[DroneControl]      TICK: 1400
------------------------------
[DroneControl] Sending wave spawn command
------------------------------
[Main]              TICK: 1400
------------------------------
------------------------------
[ChargeBase]        TICK: 1400
------------------------------
------------------------------
[ScannerManager]    TICK: 1400
------------------------------
[DroneControl] Wave spawned
[TestGenerator] Drone 7276 exploded
[TestGenerator] TICK 1535 Drone 7276 state set to DEAD
------------------------------
[DroneControl]      TICK: 1500
------------------------------
------------------------------
[Main]              TICK: 1500
------------------------------
------------------------------
[ChargeBase]        TICK: 1500
------------------------------
[DroneControl] Sending wave spawn command
------------------------------
[ScannerManager]    TICK: 1500
------------------------------
[DroneControl] DB count: 11254 max tick: 1103
[TestGenerator] Drone 11295 exploded
[DroneControl] Wave spawned
[TestGenerator] TICK 1626 Drone 11295 state set to DEAD
------------------------------
[DroneControl]      TICK: 1600
------------------------------
------------------------------
[Main]              TICK: 1600
------------------------------
------------------------------
[ChargeBase]        TICK: 1600
------------------------------
------------------------------
[ScannerManager]    TICK: 1600
------------------------------
[DroneControl] Sending wave spawn command
[DroneControl] Wave spawned
------------------------------
[DroneControl]      TICK: 1700
------------------------------
------------------------------
[Main]              TICK: 1700
------------------------------
------------------------------
[ChargeBase]        TICK: 1700
------------------------------
------------------------------
[ScannerManager]    TICK: 1700
------------------------------
[DroneControl] Sending wave spawn command
[TestGenerator] Drone 13240 disconnected and will NOT reconnect
[DroneControl] Wave spawned
[TestGenerator] TICK 1876 Drone 13240 state set to DISCONNECTED
------------------------------
[DroneControl]      TICK: 1800
------------------------------
------------------------------
[Main]              TICK: 1800
------------------------------
------------------------------
[ChargeBase]        TICK: 1800
------------------------------
------------------------------
[ScannerManager]    TICK: 1800
------------------------------
------------------------------
[DroneControl]      TICK: 1900
------------------------------
[DroneControl] Sending wave spawn command
------------------------------
[Main]              TICK: 1900
------------------------------
------------------------------
[ChargeBase]        TICK: 1900
------------------------------
------------------------------
[ScannerManager]    TICK: 1900
------------------------------
[TestGenerator] Drone 14008 disconnected and will reconnect after 13 tick
[DroneControl] DB count: 4501 max tick: 1626
[DroneControl] Wave spawned
[TestGenerator] TICK 2002 Drone 14008 state set to DISCONNECTED
------------------------------
[DroneControl]      TICK: 2000
------------------------------
------------------------------
[Main]              TICK: 2000
------------------------------
------------------------------
[ChargeBase]        TICK: 2000
------------------------------
[DroneControl] Sending wave spawn command
------------------------------
[ScannerManager]    TICK: 2000
------------------------------
[DroneControl] Wave spawned
------------------------------
[DroneControl]      TICK: 2100
------------------------------
------------------------------
[Main]              TICK: 2100
------------------------------
------------------------------
[ChargeBase]        TICK: 2100
------------------------------
[TestGenerator] Drone 17217 exploded
------------------------------
[ScannerManager]    TICK: 2100
------------------------------
[TestGenerator] TICK 2201 Drone 17217 state set to DEAD
[DroneControl] Sending wave spawn command
[DroneControl] Wave spawned
[TestGenerator] Drone 15086 disconnected and will reconnect after 8 tick
[TestGenerator] TICK 2257 Drone 15086 state set to DISCONNECTED
------------------------------
[DroneControl]      TICK: 2200
------------------------------
------------------------------
[Main]              TICK: 2200
------------------------------
------------------------------
[ChargeBase]        TICK: 2200
------------------------------
------------------------------
[ScannerManager]    TICK: 2200
------------------------------
[DroneControl] Sending wave spawn command
[DroneControl] DB count: 5088 max tick: 2045
[DroneControl] Wave spawned
------------------------------
[DroneControl]      TICK: 2300
------------------------------
------------------------------
[Main]              TICK: 2300
------------------------------
------------------------------
[ChargeBase]        TICK: 2300
------------------------------
------------------------------
[ScannerManager]    TICK: 2300
------------------------------
------------------------------
[DroneControl]      TICK: 2400
------------------------------
[DroneControl] Sending wave spawn command
------------------------------
[Main]              TICK: 2400
------------------------------
------------------------------
[ChargeBase]        TICK: 2400
------------------------------
------------------------------
[ScannerManager]    TICK: 2400
------------------------------
[DroneControl] Wave spawned
------------------------------
[DroneControl]      TICK: 2500
------------------------------
------------------------------
[Main]              TICK: 2500
------------------------------
------------------------------
[ChargeBase]        TICK: 2500
------------------------------
[TestGenerator] Drone 17254 disconnected and will reconnect after 10 tick
[TestGenerator] TICK 2577 Drone 17254 state set to DISCONNECTED
[DroneControl] Sending wave spawn command
------------------------------
[ScannerManager]    TICK: 2500
------------------------------
[DroneControl] Wave spawned
------------------------------
[DroneControl]      TICK: 2600
------------------------------
------------------------------
[Main]              TICK: 2600
------------------------------
------------------------------
[ChargeBase]        TICK: 2600
------------------------------
------------------------------
[ScannerManager]    TICK: 2600
------------------------------
[DroneControl] Sending wave spawn command
[TestGenerator] Received signal 15, exiting gracefully...
