[SystemMonitor] Initiated...
[SystemMonitor] Fetching performance data...
[SystemMonitor] Getting performance data...
[SystemMonitor] Executing query...
[SystemMonitor] Finished getting performance data.
[SystemMonitor] Not enough data to start processing. Waiting...
[SystemMonitor] Fetching performance data...
[SystemMonitor] Getting performance data...
[SystemMonitor] Executing query...
[SystemMonitor] Finished getting performance data.
[SystemMonitor] Not enough data to start processing. Waiting...
[SystemMonitor] Fetching performance data...
[SystemMonitor] Getting performance data...
[SystemMonitor] Executing query...
[SystemMonitor] Finished getting performance data.
[SystemMonitor] Writing performance data to the database...
[SystemMonitor] Executing query...
[SystemMonitor] Average performance of the last 25 ticks from Tick 213 to Tick 237: 100.000000%
[SystemMonitor] Performance data written and cleared.
[SystemMonitor] Waiting to process new data...
[SystemMonitor] Fetching performance data...
[SystemMonitor] Getting performance data...
[SystemMonitor] Executing query...
[SystemMonitor] Finished getting performance data.
[SystemMonitor] Writing performance data to the database...
[SystemMonitor] Executing query...
[SystemMonitor] Average performance of the last 25 ticks from Tick 238 to Tick 224: 100.000000%
[SystemMonitor] Performance data written and cleared.
[SystemMonitor] Waiting to process new data...
[SystemMonitor] Fetching performance data...
[SystemMonitor] Getting performance data...
[SystemMonitor] Executing query...
[SystemMonitor] Finished getting performance data.
[SystemMonitor] Writing performance data to the database...
[SystemMonitor] Executing query...
[SystemMonitor] Average performance of the last 25 ticks from Tick 225 to Tick 249: 100.000000%
[SystemMonitor] Performance data written and cleared.
[SystemMonitor] Waiting to process new data...
[SystemMonitor] Fetching performance data...
[SystemMonitor] Getting performance data...
[SystemMonitor] Executing query...
[SystemMonitor] Finished getting performance data.
[SystemMonitor] Writing performance data to the database...
[SystemMonitor] Executing query...
[SystemMonitor] Average performance of the last 25 ticks from Tick 250 to Tick 274: 100.000000%
[SystemMonitor] Performance data written and cleared.
[SystemMonitor] Waiting to process new data...
[SystemMonitor] Fetching performance data...
[SystemMonitor] Getting performance data...
[SystemMonitor] Executing query...
[SystemMonitor] Finished getting performance data.
[SystemMonitor] Writing performance data to the database...
[SystemMonitor] Executing query...
[SystemMonitor] Average performance of the last 25 ticks from Tick 275 to Tick 299: 100.000000%
[SystemMonitor] Performance data written and cleared.
[SystemMonitor] Waiting to process new data...
[SystemMonitor] Fetching performance data...
[SystemMonitor] Getting performance data...
[SystemMonitor] Executing query...
[SystemMonitor] Finished getting performance data.
[SystemMonitor] Writing performance data to the database...
[SystemMonitor] Executing query...
[SystemMonitor] Average performance of the last 25 ticks from Tick 300 to Tick 324: 100.000000%
[SystemMonitor] Performance data written and cleared.
[SystemMonitor] Waiting to process new data...
[SystemMonitor] Fetching performance data...
[SystemMonitor] Getting performance data...
[SystemMonitor] Executing query...
[SystemMonitor] Finished getting performance data.
[SystemMonitor] Writing performance data to the database...
[SystemMonitor] Executing query...
[SystemMonitor] Average performance of the last 25 ticks from Tick 325 to Tick 349: 100.000000%
[SystemMonitor] Performance data written and cleared.
[SystemMonitor] Waiting to process new data...
